This file contains any messages produced by compilers while
running configure, to aid debugging if configure makes a mistake.

It was created by configure, which was
generated by GNU Autoconf 2.71.  Invocation command line was

  $ ./configure --with-gc

## --------- ##
## Platform. ##
## --------- ##

hostname = MacBookAir.local
uname -m = arm64
uname -r = 22.1.0
uname -s = Darwin
uname -v = Darwin Kernel Version 22.1.0: Sun Oct  9 20:14:30 PDT 2022; root:xnu-8792.41.9~2/RELEASE_ARM64_T8103

/usr/bin/uname -p = arm
/bin/uname -X     = unknown

/bin/arch              = unknown
/usr/bin/arch -k       = unknown
/usr/convex/getsysinfo = unknown
/usr/bin/hostinfo      = Mach kernel version:
	 Darwin Kernel Version 22.1.0: Sun Oct  9 20:14:30 PDT 2022; root:xnu-8792.41.9~2/RELEASE_ARM64_T8103
Kernel configured for up to 8 processors.
8 processors are physically available.
8 processors are logically available.
Processor type: arm64e (ARM64E)
Processors active: 0 1 2 3 4 5 6 7
Primary memory available: 8.00 gigabytes
Default processor set: 265 tasks, 1430 threads, 8 processors
Load average: 1.44, Mach factor: 6.54
/bin/machine           = unknown
/usr/bin/oslevel       = unknown
/bin/universe          = unknown

PATH: /opt/homebrew/bin/
PATH: /opt/homebrew/opt/gcc/bin/
PATH: /usr/local/bin/
PATH: /System/Cryptexes/App/usr/bin/
PATH: /usr/bin/
PATH: /bin/
PATH: /usr/sbin/
PATH: /sbin/
PATH: /Library/Apple/usr/bin/
PATH: /opt/homebrew/bin/
PATH: /opt/homebrew/opt/gcc/bin/


## ----------- ##
## Core tests. ##
## ----------- ##

configure:2278: looking for aux files: install-sh
configure:2291:  trying ./
configure:2305:   ./install.sh found
configure:2497: checking for gcc
configure:2518: found /usr/bin/gcc
configure:2529: result: gcc
configure:2882: checking for C compiler version
configure:2891: gcc --version >&5
Apple clang version 14.0.0 (clang-1400.0.29.202)
Target: arm64-apple-darwin22.1.0
Thread model: posix
InstalledDir: /Library/Developer/CommandLineTools/usr/bin
configure:2902: $? = 0
configure:2891: gcc -v >&5
Apple clang version 14.0.0 (clang-1400.0.29.202)
Target: arm64-apple-darwin22.1.0
Thread model: posix
InstalledDir: /Library/Developer/CommandLineTools/usr/bin
configure:2902: $? = 0
configure:2891: gcc -V >&5
clang: error: argument to '-V' is missing (expected 1 value)
clang: error: no input files
configure:2902: $? = 1
configure:2891: gcc -qversion >&5
clang: error: unknown argument '-qversion'; did you mean '--version'?
clang: error: no input files
configure:2902: $? = 1
configure:2891: gcc -version >&5
clang: error: unknown argument '-version'; did you mean '--version'?
clang: error: no input files
configure:2902: $? = 1
configure:2922: checking whether the C compiler works
configure:2944: gcc    conftest.c  >&5
configure:2948: $? = 0
configure:2998: result: yes
configure:3001: checking for C compiler default output file name
configure:3003: result: a.out
configure:3009: checking for suffix of executables
configure:3016: gcc -o conftest    conftest.c  >&5
configure:3020: $? = 0
configure:3043: result: 
configure:3065: checking whether we are cross compiling
configure:3073: gcc -o conftest    conftest.c  >&5
configure:3077: $? = 0
configure:3084: ./conftest
configure:3088: $? = 0
configure:3103: result: no
configure:3108: checking for suffix of object files
configure:3131: gcc -c   conftest.c >&5
configure:3135: $? = 0
configure:3157: result: o
configure:3161: checking whether the compiler supports GNU C
configure:3181: gcc -c   conftest.c >&5
configure:3181: $? = 0
configure:3191: result: yes
configure:3202: checking whether gcc accepts -g
configure:3223: gcc -c -g  conftest.c >&5
configure:3223: $? = 0
configure:3267: result: yes
configure:3287: checking for gcc option to enable C11 features
configure:3302: gcc  -c -g -O2  conftest.c >&5
configure:3302: $? = 0
configure:3320: result: none needed
configure:3446: checking for a BSD-compatible install
configure:3519: result: /usr/bin/install -c
configure:3535: checking for stdio.h
configure:3535: gcc -c -g -O2  conftest.c >&5
configure:3535: $? = 0
configure:3535: result: yes
configure:3535: checking for stdlib.h
configure:3535: gcc -c -g -O2  conftest.c >&5
configure:3535: $? = 0
configure:3535: result: yes
configure:3535: checking for string.h
configure:3535: gcc -c -g -O2  conftest.c >&5
configure:3535: $? = 0
configure:3535: result: yes
configure:3535: checking for inttypes.h
configure:3535: gcc -c -g -O2  conftest.c >&5
configure:3535: $? = 0
configure:3535: result: yes
configure:3535: checking for stdint.h
configure:3535: gcc -c -g -O2  conftest.c >&5
configure:3535: $? = 0
configure:3535: result: yes
configure:3535: checking for strings.h
configure:3535: gcc -c -g -O2  conftest.c >&5
configure:3535: $? = 0
configure:3535: result: yes
configure:3535: checking for sys/stat.h
configure:3535: gcc -c -g -O2  conftest.c >&5
configure:3535: $? = 0
configure:3535: result: yes
configure:3535: checking for sys/types.h
configure:3535: gcc -c -g -O2  conftest.c >&5
configure:3535: $? = 0
configure:3535: result: yes
configure:3535: checking for unistd.h
configure:3535: gcc -c -g -O2  conftest.c >&5
configure:3535: $? = 0
configure:3535: result: yes
configure:3560: checking whether byte ordering is bigendian
configure:3576: gcc -c -g -O2  conftest.c >&5
configure:3576: $? = 0
configure:3622: gcc -c -g -O2  conftest.c >&5
configure:3622: $? = 0
configure:3641: gcc -c -g -O2  conftest.c >&5
conftest.c:26:4: error: use of undeclared identifier 'not'
                 not big endian
                 ^
1 error generated.
configure:3641: $? = 1
configure: failed program was:
| /* confdefs.h */
| #define PACKAGE_NAME ""
| #define PACKAGE_TARNAME ""
| #define PACKAGE_VERSION ""
| #define PACKAGE_STRING ""
| #define PACKAGE_BUGREPORT ""
| #define PACKAGE_URL ""
| #define HAVE_STDIO_H 1
| #define HAVE_STDLIB_H 1
| #define HAVE_STRING_H 1
| #define HAVE_INTTYPES_H 1
| #define HAVE_STDINT_H 1
| #define HAVE_STRINGS_H 1
| #define HAVE_SYS_STAT_H 1
| #define HAVE_SYS_TYPES_H 1
| #define HAVE_UNISTD_H 1
| #define STDC_HEADERS 1
| /* end confdefs.h.  */
| #include <sys/types.h>
| 		#include <sys/param.h>
| 
| int
| main (void)
| {
| #if BYTE_ORDER != BIG_ENDIAN
| 		 not big endian
| 		#endif
| 
|   ;
|   return 0;
| }
configure:3775: result: no
configure:3842: checking CPU type
configure:3919: checking Operating System
configure:3962: checking for main in -ldl
configure:3982: clang -o conftest -I.   conftest.c -ldl   >&5
configure:3982: $? = 0
configure:3992: result: yes
configure:4004: checking for math.h
configure:4004: clang -c -I.  conftest.c >&5
configure:4004: $? = 0
configure:4004: result: yes
configure:4011: checking for main in -lm
configure:4031: clang -o conftest -I.   conftest.c -lm   -ldl >&5
configure:4031: $? = 0
configure:4041: result: yes
configure:4049: checking for iconv.h
configure:4049: clang -c -I.  conftest.c >&5
configure:4049: $? = 0
configure:4049: result: yes
configure:4057: checking for pcre.h
configure:4057: clang -c -I.  conftest.c >&5
conftest.c:50:10: fatal error: 'pcre.h' file not found
#include <pcre.h>
         ^~~~~~~~
1 error generated.
configure:4057: $? = 1
configure: failed program was:
| /* confdefs.h */
| #define PACKAGE_NAME ""
| #define PACKAGE_TARNAME ""
| #define PACKAGE_VERSION ""
| #define PACKAGE_STRING ""
| #define PACKAGE_BUGREPORT ""
| #define PACKAGE_URL ""
| #define HAVE_STDIO_H 1
| #define HAVE_STDLIB_H 1
| #define HAVE_STRING_H 1
| #define HAVE_INTTYPES_H 1
| #define HAVE_STDINT_H 1
| #define HAVE_STRINGS_H 1
| #define HAVE_SYS_STAT_H 1
| #define HAVE_SYS_TYPES_H 1
| #define HAVE_UNISTD_H 1
| #define STDC_HEADERS 1
| #define __64BIT_CPU__ 1
| #define HAVE_MATH_H 1
| #define HAVE_ICONV_H 1
| /* end confdefs.h.  */
| #include <stddef.h>
| #ifdef HAVE_STDIO_H
| # include <stdio.h>
| #endif
| #ifdef HAVE_STDLIB_H
| # include <stdlib.h>
| #endif
| #ifdef HAVE_STRING_H
| # include <string.h>
| #endif
| #ifdef HAVE_INTTYPES_H
| # include <inttypes.h>
| #endif
| #ifdef HAVE_STDINT_H
| # include <stdint.h>
| #endif
| #ifdef HAVE_STRINGS_H
| # include <strings.h>
| #endif
| #ifdef HAVE_SYS_TYPES_H
| # include <sys/types.h>
| #endif
| #ifdef HAVE_SYS_STAT_H
| # include <sys/stat.h>
| #endif
| #ifdef HAVE_UNISTD_H
| # include <unistd.h>
| #endif
| #include <pcre.h>
configure:4057: result: no
configure:4064: checking for main in -lpcre
configure:4084: clang -o conftest -I.   conftest.c -lpcre   -ldl -lm >&5
configure:4084: $? = 0
configure:4094: result: yes
configure:4105: checking for main in -lgc
configure:4125: clang -o conftest -I.   conftest.c -lgc   -ldl -lm -lpcre >&5
ld: library not found for -lgc
clang: error: linker command failed with exit code 1 (use -v to see invocation)
configure:4125: $? = 1
configure: failed program was:
| /* confdefs.h */
| #define PACKAGE_NAME ""
| #define PACKAGE_TARNAME ""
| #define PACKAGE_VERSION ""
| #define PACKAGE_STRING ""
| #define PACKAGE_BUGREPORT ""
| #define PACKAGE_URL ""
| #define HAVE_STDIO_H 1
| #define HAVE_STDLIB_H 1
| #define HAVE_STRING_H 1
| #define HAVE_INTTYPES_H 1
| #define HAVE_STDINT_H 1
| #define HAVE_STRINGS_H 1
| #define HAVE_SYS_STAT_H 1
| #define HAVE_SYS_TYPES_H 1
| #define HAVE_UNISTD_H 1
| #define STDC_HEADERS 1
| #define __64BIT_CPU__ 1
| #define HAVE_MATH_H 1
| #define HAVE_ICONV_H 1
| /* end confdefs.h.  */
| 
| 
| int
| main (void)
| {
| return main ();
|   ;
|   return 0;
| }
configure:4135: result: no
configure:4145: checking for ncurses.h
configure:4145: clang -c -I.  conftest.c >&5
configure:4145: $? = 0
configure:4145: result: yes
configure:4152: checking for main in -lncurses
configure:4172: clang -o conftest -I.   conftest.c -lncurses   -ldl -lm -lpcre >&5
configure:4172: $? = 0
configure:4182: result: yes
configure:4237: checking for readline/readline.h
configure:4237: clang -c -I.  conftest.c >&5
configure:4237: $? = 0
configure:4237: result: yes
configure:4244: checking for main in -lreadline
configure:4264: clang -o conftest -I.   conftest.c -lreadline   -ldl -lm -lpcre -lncurses >&5
configure:4264: $? = 0
configure:4274: result: yes
configure:4283: checking for main in -lrt
configure:4303: clang -o conftest -I.   conftest.c -lrt   -ldl -lm -lpcre -lncurses -lreadline >&5
ld: library not found for -lrt
clang: error: linker command failed with exit code 1 (use -v to see invocation)
configure:4303: $? = 1
configure: failed program was:
| /* confdefs.h */
| #define PACKAGE_NAME ""
| #define PACKAGE_TARNAME ""
| #define PACKAGE_VERSION ""
| #define PACKAGE_STRING ""
| #define PACKAGE_BUGREPORT ""
| #define PACKAGE_URL ""
| #define HAVE_STDIO_H 1
| #define HAVE_STDLIB_H 1
| #define HAVE_STRING_H 1
| #define HAVE_INTTYPES_H 1
| #define HAVE_STDINT_H 1
| #define HAVE_STRINGS_H 1
| #define HAVE_SYS_STAT_H 1
| #define HAVE_SYS_TYPES_H 1
| #define HAVE_UNISTD_H 1
| #define STDC_HEADERS 1
| #define __64BIT_CPU__ 1
| #define HAVE_MATH_H 1
| #define HAVE_ICONV_H 1
| #define HAVE_NCURSESW_H 1
| #define HAVE_READLINE_H 1
| /* end confdefs.h.  */
| 
| 
| int
| main (void)
| {
| return main ();
|   ;
|   return 0;
| }
configure:4313: result: no
configure:4322: checking for pthread.h
configure:4322: clang -c -I.  conftest.c >&5
configure:4322: $? = 0
configure:4322: result: yes
configure:4329: checking for main in -lpthread
configure:4349: clang -o conftest -I.   conftest.c -lpthread   -ldl -lm -lpcre -lncurses -lreadline >&5
configure:4349: $? = 0
configure:4359: result: yes
configure:4379: checking for lchmod
configure:4379: clang -o conftest -I.   conftest.c  -ldl -lm -lpcre -lncurses -lreadline -lpthread >&5
configure:4379: $? = 0
configure:4379: result: yes
configure:4386: checking for execvpe
configure:4386: clang -o conftest -I.   conftest.c  -ldl -lm -lpcre -lncurses -lreadline -lpthread >&5
Undefined symbols for architecture arm64:
  "_execvpe", referenced from:
      _main in conftest-d1d417.o
ld: symbol(s) not found for architecture arm64
clang: error: linker command failed with exit code 1 (use -v to see invocation)
configure:4386: $? = 1
configure: failed program was:
| /* confdefs.h */
| #define PACKAGE_NAME ""
| #define PACKAGE_TARNAME ""
| #define PACKAGE_VERSION ""
| #define PACKAGE_STRING ""
| #define PACKAGE_BUGREPORT ""
| #define PACKAGE_URL ""
| #define HAVE_STDIO_H 1
| #define HAVE_STDLIB_H 1
| #define HAVE_STRING_H 1
| #define HAVE_INTTYPES_H 1
| #define HAVE_STDINT_H 1
| #define HAVE_STRINGS_H 1
| #define HAVE_SYS_STAT_H 1
| #define HAVE_SYS_TYPES_H 1
| #define HAVE_UNISTD_H 1
| #define STDC_HEADERS 1
| #define __64BIT_CPU__ 1
| #define HAVE_MATH_H 1
| #define HAVE_ICONV_H 1
| #define HAVE_NCURSESW_H 1
| #define HAVE_READLINE_H 1
| #define HAVE_PTHREAD_H 1
| #define HAVE_LCHMOD 1
| /* end confdefs.h.  */
| /* Define execvpe to an innocuous variant, in case <limits.h> declares execvpe.
|    For example, HP-UX 11i <limits.h> declares gettimeofday.  */
| #define execvpe innocuous_execvpe
| 
| /* System header to define __stub macros and hopefully few prototypes,
|    which can conflict with char execvpe (); below.  */
| 
| #include <limits.h>
| #undef execvpe
| 
| /* Override any GCC internal prototype to avoid an error.
|    Use char because int might match the return type of a GCC
|    builtin and then its argument prototype would still apply.  */
| #ifdef __cplusplus
| extern "C"
| #endif
| char execvpe ();
| /* The GNU C library defines this for functions which it implements
|     to always fail with ENOSYS.  Some functions are actually named
|     something starting with __ and the normal name is an alias.  */
| #if defined __stub_execvpe || defined __stub___execvpe
| choke me
| #endif
| 
| int
| main (void)
| {
| return execvpe ();
|   ;
|   return 0;
| }
configure:4386: result: no
configure:4513: creating ./config.status

## ---------------------- ##
## Running config.status. ##
## ---------------------- ##

This file was extended by config.status, which was
generated by GNU Autoconf 2.71.  Invocation command line was

  CONFIG_FILES    = 
  CONFIG_HEADERS  = 
  CONFIG_LINKS    = 
  CONFIG_COMMANDS = 
  $ ./config.status 

on MacBookAir.local

config.status:803: creating Makefile
config.status:803: creating config.h
config.status:978: config.h is unchanged

## ---------------- ##
## Cache variables. ##
## ---------------- ##

ac_cv_c_bigendian=no
ac_cv_c_compiler_gnu=yes
ac_cv_env_CC_set=
ac_cv_env_CC_value=
ac_cv_env_CFLAGS_set=
ac_cv_env_CFLAGS_value=
ac_cv_env_CPPFLAGS_set=
ac_cv_env_CPPFLAGS_value=
ac_cv_env_LDFLAGS_set=
ac_cv_env_LDFLAGS_value=
ac_cv_env_LIBS_set=
ac_cv_env_LIBS_value=
ac_cv_env_build_alias_set=
ac_cv_env_build_alias_value=
ac_cv_env_host_alias_set=
ac_cv_env_host_alias_value=
ac_cv_env_target_alias_set=
ac_cv_env_target_alias_value=
ac_cv_func_execvpe=no
ac_cv_func_lchmod=yes
ac_cv_header_iconv_h=yes
ac_cv_header_inttypes_h=yes
ac_cv_header_math_h=yes
ac_cv_header_ncurses_h=yes
ac_cv_header_pcre_h=no
ac_cv_header_pthread_h=yes
ac_cv_header_readline_readline_h=yes
ac_cv_header_stdint_h=yes
ac_cv_header_stdio_h=yes
ac_cv_header_stdlib_h=yes
ac_cv_header_string_h=yes
ac_cv_header_strings_h=yes
ac_cv_header_sys_stat_h=yes
ac_cv_header_sys_types_h=yes
ac_cv_header_unistd_h=yes
ac_cv_lib_dl=ac_cv_lib_dl_main
ac_cv_lib_dl_main=yes
ac_cv_lib_gc=ac_cv_lib_gc_main
ac_cv_lib_gc_main=no
ac_cv_lib_m=ac_cv_lib_m_main
ac_cv_lib_m_main=yes
ac_cv_lib_ncurses=ac_cv_lib_ncurses_main
ac_cv_lib_ncurses_main=yes
ac_cv_lib_pcre=ac_cv_lib_pcre_main
ac_cv_lib_pcre_main=yes
ac_cv_lib_pthread=ac_cv_lib_pthread_main
ac_cv_lib_pthread_main=yes
ac_cv_lib_readline=ac_cv_lib_readline_main
ac_cv_lib_readline_main=yes
ac_cv_lib_rt=ac_cv_lib_rt_main
ac_cv_lib_rt_main=no
ac_cv_objext=o
ac_cv_path_install='/usr/bin/install -c'
ac_cv_prog_ac_ct_CC=gcc
ac_cv_prog_cc_c11=
ac_cv_prog_cc_g=yes
ac_cv_prog_cc_stdc=

## ----------------- ##
## Output variables. ##
## ----------------- ##

CC='clang'
CFLAGS='-I.'
CPPFLAGS=''
DEFS='-DHAVE_CONFIG_H'
DESTDIR='/usr/local'
ECHO_C='\c'
ECHO_N=''
ECHO_T=''
EXEEXT=''
INSTALL_DATA='${INSTALL} -m 644'
INSTALL_PROGRAM='${INSTALL}'
INSTALL_SCRIPT='${INSTALL}'
LDFLAGS=''
LIBOBJS=''
LIBS=' -ldl -lm -lpcre -lncurses -lreadline -lpthread'
LTLIBOBJS=''
NCC=''
NCFLAGS=' -gc'
OBJEXT='o'
OS=''
PACKAGE_BUGREPORT=''
PACKAGE_NAME=''
PACKAGE_STRING=''
PACKAGE_TARNAME=''
PACKAGE_URL=''
PACKAGE_VERSION=''
PATH_SEPARATOR=':'
SHELL='/bin/sh'
ac_ct_CC='gcc'
bindir='${exec_prefix}/bin'
build_alias=''
datadir='${datarootdir}'
datarootdir='${prefix}/share'
docdir='${datarootdir}/doc/${PACKAGE}'
dvidir='${docdir}'
exec_prefix='${prefix}'
host_alias=''
htmldir='${docdir}'
includedir='${prefix}/include'
infodir='${datarootdir}/info'
libdir='${exec_prefix}/lib'
libexecdir='${exec_prefix}/libexec'
localedir='${datarootdir}/locale'
localstatedir='${prefix}/var'
mandir='${datarootdir}/man'
oldincludedir='/usr/include'
pdfdir='${docdir}'
prefix='/usr/local'
program_transform_name='s,x,x,'
psdir='${docdir}'
runstatedir='${localstatedir}/run'
sbindir='${exec_prefix}/sbin'
sharedstatedir='${prefix}/com'
sysconfdir='${prefix}/etc'
target_alias=''

## ----------- ##
## confdefs.h. ##
## ----------- ##

/* confdefs.h */
#define PACKAGE_NAME ""
#define PACKAGE_TARNAME ""
#define PACKAGE_VERSION ""
#define PACKAGE_STRING ""
#define PACKAGE_BUGREPORT ""
#define PACKAGE_URL ""
#define HAVE_STDIO_H 1
#define HAVE_STDLIB_H 1
#define HAVE_STRING_H 1
#define HAVE_INTTYPES_H 1
#define HAVE_STDINT_H 1
#define HAVE_STRINGS_H 1
#define HAVE_SYS_STAT_H 1
#define HAVE_SYS_TYPES_H 1
#define HAVE_UNISTD_H 1
#define STDC_HEADERS 1
#define __64BIT_CPU__ 1
#define HAVE_MATH_H 1
#define HAVE_ICONV_H 1
#define HAVE_NCURSESW_H 1
#define HAVE_READLINE_H 1
#define HAVE_PTHREAD_H 1
#define HAVE_LCHMOD 1

configure: exit 0
